{"/client/src/App.vue": {"path":"/client/src/App.vue","statementMap":{"0":{"start":{"line":40,"column":0},"end":{"line":40,"column":null}},"1":{"start":{"line":51,"column":0},"end":{"line":51,"column":null}}},"fnMap":{"0":{"name":"(anonymous_1)","decl":{"start":{"line":50,"column":0},"end":{"line":50,"column":null}},"loc":{"start":{"line":50,"column":0},"end":{"line":54,"column":null}}}},"branchMap":{},"s":{"0":0,"1":0},"f":{"0":0},"b":{}}
,"/client/src/main.js": {"path":"/client/src/main.js","statementMap":{"0":{"start":{"line":7,"column":0},"end":{"line":7,"column":32}},"1":{"start":{"line":9,"column":0},"end":{"line":14,"column":17}},"2":{"start":{"line":13,"column":15},"end":{"line":13,"column":21}}},"fnMap":{"0":{"name":"(anonymous_0)","decl":{"start":{"line":13,"column":10},"end":{"line":13,"column":11}},"loc":{"start":{"line":13,"column":15},"end":{"line":13,"column":21}},"line":13}},"branchMap":{},"s":{"0":0,"1":0,"2":0},"f":{"0":0},"b":{},"hash":"9876c6fd275ba015df90a00eabaa0c260493a3ef"}
,"/client/src/api/api.js": {"path":"/client/src/api/api.js","statementMap":{"0":{"start":{"line":3,"column":13},"end":{"line":3,"column":43}},"1":{"start":{"line":5,"column":12},"end":{"line":7,"column":2}}},"fnMap":{},"branchMap":{},"s":{"0":5,"1":5},"f":{},"b":{},"_coverageSchema":"43e27e138ebf9cfc5966b082cf9a028302ed4184","hash":"ace45ccf07fd46cb2f963383718d7da65a5eb2e1"}
,"/client/src/api/factory.js": {"path":"/client/src/api/factory.js","statementMap":{"0":{"start":{"line":4,"column":16},"end":{"line":7,"column":1}},"1":{"start":{"line":9,"column":16},"end":{"line":11,"column":1}},"2":{"start":{"line":10,"column":22},"end":{"line":10,"column":37}}},"fnMap":{"0":{"name":"(anonymous_0)","decl":{"start":{"line":10,"column":10},"end":{"line":10,"column":11}},"loc":{"start":{"line":10,"column":22},"end":{"line":10,"column":37}},"line":10}},"branchMap":{},"s":{"0":5,"1":5,"2":8},"f":{"0":8},"b":{},"_coverageSchema":"43e27e138ebf9cfc5966b082cf9a028302ed4184","hash":"7d260e451efcd6991abef6e65e1f8537da34cd37"}
,"/client/src/api/profiles-api.js": {"path":"/client/src/api/profiles-api.js","statementMap":{"0":{"start":{"line":3,"column":21},"end":{"line":3,"column":32}},"1":{"start":{"line":5,"column":20},"end":{"line":21,"column":1}},"2":{"start":{"line":7,"column":4},"end":{"line":7,"column":48}},"3":{"start":{"line":11,"column":4},"end":{"line":11,"column":44}},"4":{"start":{"line":15,"column":4},"end":{"line":15,"column":53}},"5":{"start":{"line":19,"column":4},"end":{"line":19,"column":47}}},"fnMap":{"0":{"name":"(anonymous_0)","decl":{"start":{"line":6,"column":2},"end":{"line":6,"column":3}},"loc":{"start":{"line":6,"column":26},"end":{"line":8,"column":3}},"line":6},"1":{"name":"(anonymous_1)","decl":{"start":{"line":10,"column":2},"end":{"line":10,"column":3}},"loc":{"start":{"line":10,"column":18},"end":{"line":12,"column":3}},"line":10},"2":{"name":"(anonymous_2)","decl":{"start":{"line":14,"column":2},"end":{"line":14,"column":3}},"loc":{"start":{"line":14,"column":30},"end":{"line":16,"column":3}},"line":14},"3":{"name":"(anonymous_3)","decl":{"start":{"line":18,"column":2},"end":{"line":18,"column":3}},"loc":{"start":{"line":18,"column":21},"end":{"line":20,"column":3}},"line":18}},"branchMap":{},"s":{"0":5,"1":5,"2":0,"3":0,"4":0,"5":0},"f":{"0":0,"1":0,"2":0,"3":0},"b":{},"_coverageSchema":"43e27e138ebf9cfc5966b082cf9a028302ed4184","hash":"5680a504a346bf3bf98dcfd0bd8598d8c3331dc1"}
,"/client/src/api/search-api.js": {"path":"/client/src/api/search-api.js","statementMap":{"0":{"start":{"line":3,"column":21},"end":{"line":3,"column":30}},"1":{"start":{"line":5,"column":18},"end":{"line":9,"column":1}},"2":{"start":{"line":7,"column":4},"end":{"line":7,"column":53}}},"fnMap":{"0":{"name":"(anonymous_0)","decl":{"start":{"line":6,"column":2},"end":{"line":6,"column":3}},"loc":{"start":{"line":6,"column":25},"end":{"line":8,"column":3}},"line":6}},"branchMap":{},"s":{"0":5,"1":5,"2":0},"f":{"0":0},"b":{},"_coverageSchema":"43e27e138ebf9cfc5966b082cf9a028302ed4184","hash":"1d1f402f9d286bbd3f69c345184d48b1ad943e77"}
,"/client/src/components/AddProfileFab.vue": {"path":"/client/src/components/AddProfileFab.vue","statementMap":{"0":{"start":{"line":96,"column":0},"end":{"line":96,"column":null}},"1":{"start":{"line":98,"column":0},"end":{"line":98,"column":null}},"2":{"start":{"line":104,"column":0},"end":{"line":104,"column":null}},"3":{"start":{"line":115,"column":0},"end":{"line":115,"column":null}},"4":{"start":{"line":120,"column":0},"end":{"line":131,"column":null}},"5":{"start":{"line":122,"column":0},"end":{"line":122,"column":null}},"6":{"start":{"line":124,"column":0},"end":{"line":124,"column":null}},"7":{"start":{"line":125,"column":0},"end":{"line":125,"column":null}},"8":{"start":{"line":126,"column":0},"end":{"line":126,"column":null}},"9":{"start":{"line":129,"column":0},"end":{"line":129,"column":null}},"10":{"start":{"line":130,"column":0},"end":{"line":130,"column":null}},"11":{"start":{"line":135,"column":0},"end":{"line":135,"column":null}},"12":{"start":{"line":139,"column":0},"end":{"line":139,"column":null}},"13":{"start":{"line":143,"column":0},"end":{"line":143,"column":null}},"14":{"start":{"line":144,"column":0},"end":{"line":144,"column":null}}},"fnMap":{"0":{"name":"(anonymous_1)","decl":{"start":{"line":103,"column":0},"end":{"line":103,"column":null}},"loc":{"start":{"line":103,"column":0},"end":{"line":111,"column":null}}},"1":{"name":"(anonymous_2)","decl":{"start":{"line":114,"column":0},"end":{"line":114,"column":null}},"loc":{"start":{"line":114,"column":0},"end":{"line":132,"column":null}}},"2":{"name":"(anonymous_3)","decl":{"start":{"line":120,"column":0},"end":{"line":120,"column":null}},"loc":{"start":{"line":120,"column":0},"end":{"line":127,"column":null}}},"3":{"name":"(anonymous_4)","decl":{"start":{"line":127,"column":0},"end":{"line":127,"column":null}},"loc":{"start":{"line":127,"column":0},"end":{"line":131,"column":null}}},"4":{"name":"(anonymous_5)","decl":{"start":{"line":134,"column":0},"end":{"line":134,"column":null}},"loc":{"start":{"line":134,"column":0},"end":{"line":136,"column":null}}},"5":{"name":"(anonymous_6)","decl":{"start":{"line":138,"column":0},"end":{"line":138,"column":null}},"loc":{"start":{"line":138,"column":0},"end":{"line":140,"column":null}}},"6":{"name":"(anonymous_7)","decl":{"start":{"line":142,"column":0},"end":{"line":142,"column":null}},"loc":{"start":{"line":142,"column":0},"end":{"line":145,"column":null}}}},"branchMap":{},"s":{"0":1,"1":1,"2":4,"3":0,"4":0,"5":0,"6":0,"7":0,"8":0,"9":0,"10":0,"11":0,"12":0,"13":0,"14":0},"f":{"0":4,"1":0,"2":0,"3":0,"4":0,"5":0,"6":0},"b":{}}
,"/client/src/components/DialogDelete.vue": {"path":"/client/src/components/DialogDelete.vue","statementMap":{"0":{"start":{"line":53,"column":0},"end":{"line":53,"column":null}},"1":{"start":{"line":55,"column":0},"end":{"line":55,"column":null}},"2":{"start":{"line":61,"column":0},"end":{"line":61,"column":null}},"3":{"start":{"line":77,"column":0},"end":{"line":87,"column":null}},"4":{"start":{"line":80,"column":0},"end":{"line":80,"column":null}},"5":{"start":{"line":81,"column":0},"end":{"line":81,"column":null}},"6":{"start":{"line":82,"column":0},"end":{"line":82,"column":null}},"7":{"start":{"line":85,"column":0},"end":{"line":85,"column":null}},"8":{"start":{"line":86,"column":0},"end":{"line":86,"column":null}},"9":{"start":{"line":91,"column":0},"end":{"line":91,"column":null}},"10":{"start":{"line":92,"column":0},"end":{"line":92,"column":null}},"11":{"start":{"line":96,"column":0},"end":{"line":96,"column":null}},"12":{"start":{"line":100,"column":0},"end":{"line":100,"column":null}}},"fnMap":{"0":{"name":"(anonymous_1)","decl":{"start":{"line":60,"column":0},"end":{"line":60,"column":null}},"loc":{"start":{"line":60,"column":0},"end":{"line":66,"column":null}}},"1":{"name":"(anonymous_2)","decl":{"start":{"line":76,"column":0},"end":{"line":76,"column":null}},"loc":{"start":{"line":76,"column":0},"end":{"line":88,"column":null}}},"2":{"name":"(anonymous_3)","decl":{"start":{"line":77,"column":0},"end":{"line":77,"column":null}},"loc":{"start":{"line":77,"column":0},"end":{"line":83,"column":null}}},"3":{"name":"(anonymous_4)","decl":{"start":{"line":83,"column":0},"end":{"line":83,"column":null}},"loc":{"start":{"line":83,"column":0},"end":{"line":87,"column":null}}},"4":{"name":"(anonymous_5)","decl":{"start":{"line":90,"column":0},"end":{"line":90,"column":null}},"loc":{"start":{"line":90,"column":0},"end":{"line":93,"column":null}}},"5":{"name":"(anonymous_6)","decl":{"start":{"line":95,"column":0},"end":{"line":95,"column":null}},"loc":{"start":{"line":95,"column":0},"end":{"line":97,"column":null}}},"6":{"name":"(anonymous_7)","decl":{"start":{"line":99,"column":0},"end":{"line":99,"column":null}},"loc":{"start":{"line":99,"column":0},"end":{"line":101,"column":null}}}},"branchMap":{},"s":{"0":3,"1":3,"2":8,"3":0,"4":0,"5":0,"6":0,"7":0,"8":0,"9":0,"10":0,"11":0,"12":0},"f":{"0":8,"1":0,"2":0,"3":0,"4":0,"5":0,"6":0},"b":{}}
,"/client/src/components/DialogForm.vue": {"path":"/client/src/components/DialogForm.vue","statementMap":{"0":{"start":{"line":90,"column":0},"end":{"line":90,"column":null}},"1":{"start":{"line":92,"column":0},"end":{"line":92,"column":null}},"2":{"start":{"line":98,"column":0},"end":{"line":98,"column":null}},"3":{"start":{"line":117,"column":0},"end":{"line":117,"column":null}},"4":{"start":{"line":122,"column":0},"end":{"line":136,"column":null}},"5":{"start":{"line":124,"column":0},"end":{"line":124,"column":null}},"6":{"start":{"line":125,"column":0},"end":{"line":125,"column":null}},"7":{"start":{"line":127,"column":0},"end":{"line":127,"column":null}},"8":{"start":{"line":129,"column":0},"end":{"line":129,"column":null}},"9":{"start":{"line":130,"column":0},"end":{"line":130,"column":null}},"10":{"start":{"line":131,"column":0},"end":{"line":131,"column":null}},"11":{"start":{"line":134,"column":0},"end":{"line":134,"column":null}},"12":{"start":{"line":135,"column":0},"end":{"line":135,"column":null}},"13":{"start":{"line":140,"column":0},"end":{"line":140,"column":null}},"14":{"start":{"line":141,"column":0},"end":{"line":141,"column":null}},"15":{"start":{"line":145,"column":0},"end":{"line":145,"column":null}},"16":{"start":{"line":149,"column":0},"end":{"line":149,"column":null}},"17":{"start":{"line":154,"column":0},"end":{"line":154,"column":null}},"18":{"start":{"line":155,"column":0},"end":{"line":155,"column":null}}},"fnMap":{"0":{"name":"(anonymous_1)","decl":{"start":{"line":97,"column":0},"end":{"line":97,"column":null}},"loc":{"start":{"line":97,"column":0},"end":{"line":105,"column":null}}},"1":{"name":"(anonymous_2)","decl":{"start":{"line":116,"column":0},"end":{"line":116,"column":null}},"loc":{"start":{"line":116,"column":0},"end":{"line":137,"column":null}}},"2":{"name":"(anonymous_3)","decl":{"start":{"line":122,"column":0},"end":{"line":122,"column":null}},"loc":{"start":{"line":122,"column":0},"end":{"line":132,"column":null}}},"3":{"name":"(anonymous_4)","decl":{"start":{"line":132,"column":0},"end":{"line":132,"column":null}},"loc":{"start":{"line":132,"column":0},"end":{"line":136,"column":null}}},"4":{"name":"(anonymous_5)","decl":{"start":{"line":139,"column":0},"end":{"line":139,"column":null}},"loc":{"start":{"line":139,"column":0},"end":{"line":142,"column":null}}},"5":{"name":"(anonymous_6)","decl":{"start":{"line":144,"column":0},"end":{"line":144,"column":null}},"loc":{"start":{"line":144,"column":0},"end":{"line":146,"column":null}}},"6":{"name":"(anonymous_7)","decl":{"start":{"line":148,"column":0},"end":{"line":148,"column":null}},"loc":{"start":{"line":148,"column":0},"end":{"line":150,"column":null}}},"7":{"name":"(anonymous_8)","decl":{"start":{"line":153,"column":0},"end":{"line":153,"column":null}},"loc":{"start":{"line":153,"column":0},"end":{"line":156,"column":null}}}},"branchMap":{},"s":{"0":3,"1":3,"2":8,"3":0,"4":0,"5":0,"6":0,"7":0,"8":0,"9":0,"10":0,"11":0,"12":0,"13":0,"14":0,"15":0,"16":0,"17":8,"18":8},"f":{"0":8,"1":0,"2":0,"3":0,"4":0,"5":0,"6":0,"7":8},"b":{}}
,"/client/src/components/ResultsList.vue": {"path":"/client/src/components/ResultsList.vue","statementMap":{"0":{"start":{"line":59,"column":0},"end":{"line":59,"column":null}},"1":{"start":{"line":60,"column":0},"end":{"line":60,"column":null}},"2":{"start":{"line":71,"column":0},"end":{"line":71,"column":null}},"3":{"start":{"line":85,"column":0},"end":{"line":85,"column":null}},"4":{"start":{"line":90,"column":0},"end":{"line":90,"column":null}},"5":{"start":{"line":94,"column":0},"end":{"line":94,"column":null}}},"fnMap":{"0":{"name":"(anonymous_1)","decl":{"start":{"line":70,"column":0},"end":{"line":70,"column":null}},"loc":{"start":{"line":70,"column":0},"end":{"line":75,"column":null}}},"1":{"name":"(anonymous_2)","decl":{"start":{"line":83,"column":0},"end":{"line":83,"column":null}},"loc":{"start":{"line":83,"column":0},"end":{"line":86,"column":null}}},"2":{"name":"(anonymous_3)","decl":{"start":{"line":89,"column":0},"end":{"line":89,"column":null}},"loc":{"start":{"line":89,"column":0},"end":{"line":91,"column":null}}},"3":{"name":"(anonymous_4)","decl":{"start":{"line":93,"column":0},"end":{"line":93,"column":null}},"loc":{"start":{"line":93,"column":0},"end":{"line":95,"column":null}}}},"branchMap":{"0":{"loc":{"start":{"line":90,"column":0},"end":{"line":90,"column":null}},"type":"cond-expr","locations":[{"start":{"line":90,"column":0},"end":{"line":90,"column":null}},{"start":{"line":90,"column":0},"end":{"line":90,"column":null}}]},"1":{"loc":{"start":{"line":94,"column":0},"end":{"line":94,"column":null}},"type":"cond-expr","locations":[{"start":{"line":94,"column":0},"end":{"line":94,"column":null}},{"start":{"line":94,"column":0},"end":{"line":94,"column":null}}]}},"s":{"0":2,"1":2,"2":4,"3":0,"4":4,"5":3},"f":{"0":4,"1":0,"2":4,"3":3},"b":{"0":[3,1],"1":[3,0]}}
,"/client/src/plugins/vuetify.js": {"path":"/client/src/plugins/vuetify.js","statementMap":{"0":{"start":{"line":6,"column":0},"end":{"line":6,"column":16}}},"fnMap":{},"branchMap":{"0":{"loc":{"start":{"line":10,"column":14},"end":{"line":10,"column":27}},"type":"binary-expr","locations":[{"start":{"line":10,"column":14},"end":{"line":10,"column":19}},{"start":{"line":10,"column":23},"end":{"line":10,"column":27}}],"line":10}},"s":{"0":0},"f":{},"b":{"0":[0,0]},"hash":"b44c46266d678310af265565dd8d353aa4ba23bd"}
,"/client/src/router/index.js": {"path":"/client/src/router/index.js","statementMap":{"0":{"start":{"line":4,"column":0},"end":{"line":4,"column":18}},"1":{"start":{"line":6,"column":15},"end":{"line":23,"column":1}},"2":{"start":{"line":10,"column":21},"end":{"line":10,"column":47}},"3":{"start":{"line":16,"column":21},"end":{"line":16,"column":54}},"4":{"start":{"line":21,"column":21},"end":{"line":21,"column":46}},"5":{"start":{"line":25,"column":15},"end":{"line":27,"column":2}}},"fnMap":{"0":{"name":"(anonymous_0)","decl":{"start":{"line":10,"column":15},"end":{"line":10,"column":16}},"loc":{"start":{"line":10,"column":21},"end":{"line":10,"column":47}},"line":10},"1":{"name":"(anonymous_1)","decl":{"start":{"line":16,"column":15},"end":{"line":16,"column":16}},"loc":{"start":{"line":16,"column":21},"end":{"line":16,"column":54}},"line":16},"2":{"name":"(anonymous_2)","decl":{"start":{"line":21,"column":15},"end":{"line":21,"column":16}},"loc":{"start":{"line":21,"column":21},"end":{"line":21,"column":46}},"line":21}},"branchMap":{},"s":{"0":0,"1":0,"2":0,"3":0,"4":0,"5":0},"f":{"0":0,"1":0,"2":0},"b":{},"hash":"c59c800a192dddf725705a43b292b01c0547d4ca"}
,"/client/src/store/index.js": {"path":"/client/src/store/index.js","statementMap":{"0":{"start":{"line":4,"column":0},"end":{"line":4,"column":13}}},"fnMap":{},"branchMap":{},"s":{"0":0},"f":{},"b":{},"hash":"94a4c25af8e3dc675a9d9a0fd27dc974b195d5fe"}
,"/client/src/views/404.vue": {"path":"/client/src/views/404.vue","statementMap":{"0":{"start":{"line":12,"column":0},"end":{"line":12,"column":null}}},"fnMap":{"0":{"name":"(anonymous_1)","decl":{"start":{"line":11,"column":0},"end":{"line":11,"column":null}},"loc":{"start":{"line":11,"column":0},"end":{"line":16,"column":null}}}},"branchMap":{},"s":{"0":0},"f":{"0":0},"b":{}}
,"/client/src/views/Home.vue": {"path":"/client/src/views/Home.vue","statementMap":{"0":{"start":{"line":102,"column":0},"end":{"line":102,"column":null}},"1":{"start":{"line":103,"column":0},"end":{"line":103,"column":null}},"2":{"start":{"line":105,"column":0},"end":{"line":105,"column":null}},"3":{"start":{"line":111,"column":0},"end":{"line":111,"column":null}},"4":{"start":{"line":127,"column":0},"end":{"line":127,"column":null}},"5":{"start":{"line":129,"column":0},"end":{"line":135,"column":null}},"6":{"start":{"line":131,"column":0},"end":{"line":131,"column":null}},"7":{"start":{"line":134,"column":0},"end":{"line":134,"column":null}},"8":{"start":{"line":140,"column":0},"end":{"line":146,"column":null}},"9":{"start":{"line":141,"column":0},"end":{"line":145,"column":null}},"10":{"start":{"line":142,"column":0},"end":{"line":142,"column":null}},"11":{"start":{"line":144,"column":0},"end":{"line":144,"column":null}},"12":{"start":{"line":148,"column":0},"end":{"line":150,"column":null}},"13":{"start":{"line":149,"column":0},"end":{"line":149,"column":null}}},"fnMap":{"0":{"name":"(anonymous_1)","decl":{"start":{"line":110,"column":0},"end":{"line":110,"column":null}},"loc":{"start":{"line":110,"column":0},"end":{"line":118,"column":null}}},"1":{"name":"(anonymous_2)","decl":{"start":{"line":125,"column":0},"end":{"line":125,"column":null}},"loc":{"start":{"line":125,"column":0},"end":{"line":136,"column":null}}},"2":{"name":"(anonymous_3)","decl":{"start":{"line":129,"column":0},"end":{"line":129,"column":null}},"loc":{"start":{"line":129,"column":0},"end":{"line":132,"column":null}}},"3":{"name":"(anonymous_4)","decl":{"start":{"line":132,"column":0},"end":{"line":132,"column":null}},"loc":{"start":{"line":132,"column":0},"end":{"line":135,"column":null}}},"4":{"name":"(anonymous_5)","decl":{"start":{"line":139,"column":0},"end":{"line":139,"column":null}},"loc":{"start":{"line":139,"column":0},"end":{"line":151,"column":null}}}},"branchMap":{"0":{"loc":{"start":{"line":127,"column":0},"end":{"line":127,"column":null}},"type":"cond-expr","locations":[{"start":{"line":127,"column":0},"end":{"line":127,"column":null}},{"start":{"line":127,"column":0},"end":{"line":127,"column":null}}]},"1":{"loc":{"start":{"line":140,"column":0},"end":{"line":146,"column":null}},"type":"if","locations":[{"start":{"line":140,"column":0},"end":{"line":146,"column":null}},{"start":{"line":140,"column":0},"end":{"line":146,"column":null}}]},"2":{"loc":{"start":{"line":141,"column":0},"end":{"line":145,"column":null}},"type":"if","locations":[{"start":{"line":141,"column":0},"end":{"line":145,"column":null}},{"start":{"line":141,"column":0},"end":{"line":145,"column":null}}]},"3":{"loc":{"start":{"line":148,"column":0},"end":{"line":150,"column":null}},"type":"if","locations":[{"start":{"line":148,"column":0},"end":{"line":150,"column":null}},{"start":{"line":148,"column":0},"end":{"line":150,"column":null}}]}},"s":{"0":1,"1":1,"2":1,"3":2,"4":0,"5":0,"6":0,"7":0,"8":2,"9":2,"10":2,"11":0,"12":2,"13":2},"f":{"0":2,"1":0,"2":0,"3":0,"4":2},"b":{"0":[0,0],"1":[2,0],"2":[2,0],"3":[2,0]}}
,"/client/src/views/ProfileView.vue": {"path":"/client/src/views/ProfileView.vue","statementMap":{"0":{"start":{"line":133,"column":0},"end":{"line":133,"column":null}},"1":{"start":{"line":135,"column":0},"end":{"line":135,"column":null}},"2":{"start":{"line":136,"column":0},"end":{"line":136,"column":null}},"3":{"start":{"line":138,"column":0},"end":{"line":138,"column":null}},"4":{"start":{"line":149,"column":0},"end":{"line":149,"column":null}},"5":{"start":{"line":158,"column":0},"end":{"line":160,"column":null}},"6":{"start":{"line":159,"column":0},"end":{"line":159,"column":null}},"7":{"start":{"line":161,"column":0},"end":{"line":161,"column":null}},"8":{"start":{"line":162,"column":0},"end":{"line":162,"column":null}},"9":{"start":{"line":166,"column":0},"end":{"line":176,"column":null}},"10":{"start":{"line":168,"column":0},"end":{"line":168,"column":null}},"11":{"start":{"line":171,"column":0},"end":{"line":171,"column":null}},"12":{"start":{"line":172,"column":0},"end":{"line":172,"column":null}},"13":{"start":{"line":180,"column":0},"end":{"line":180,"column":null}},"14":{"start":{"line":184,"column":0},"end":{"line":184,"column":null}},"15":{"start":{"line":192,"column":0},"end":{"line":194,"column":null}},"16":{"start":{"line":193,"column":0},"end":{"line":193,"column":null}}},"fnMap":{"0":{"name":"(anonymous_1)","decl":{"start":{"line":148,"column":0},"end":{"line":148,"column":null}},"loc":{"start":{"line":148,"column":0},"end":{"line":154,"column":null}}},"1":{"name":"(anonymous_2)","decl":{"start":{"line":157,"column":0},"end":{"line":157,"column":null}},"loc":{"start":{"line":157,"column":0},"end":{"line":163,"column":null}}},"2":{"name":"(anonymous_3)","decl":{"start":{"line":165,"column":0},"end":{"line":165,"column":null}},"loc":{"start":{"line":165,"column":0},"end":{"line":177,"column":null}}},"3":{"name":"(anonymous_4)","decl":{"start":{"line":166,"column":0},"end":{"line":166,"column":null}},"loc":{"start":{"line":166,"column":0},"end":{"line":169,"column":null}}},"4":{"name":"(anonymous_5)","decl":{"start":{"line":169,"column":0},"end":{"line":169,"column":null}},"loc":{"start":{"line":169,"column":0},"end":{"line":176,"column":null}}},"5":{"name":"(anonymous_6)","decl":{"start":{"line":179,"column":0},"end":{"line":179,"column":null}},"loc":{"start":{"line":179,"column":0},"end":{"line":181,"column":null}}},"6":{"name":"(anonymous_7)","decl":{"start":{"line":183,"column":0},"end":{"line":183,"column":null}},"loc":{"start":{"line":183,"column":0},"end":{"line":188,"column":null}}},"7":{"name":"(anonymous_8)","decl":{"start":{"line":191,"column":0},"end":{"line":191,"column":null}},"loc":{"start":{"line":191,"column":0},"end":{"line":195,"column":null}}}},"branchMap":{"0":{"loc":{"start":{"line":158,"column":0},"end":{"line":160,"column":null}},"type":"if","locations":[{"start":{"line":158,"column":0},"end":{"line":160,"column":null}},{"start":{"line":158,"column":0},"end":{"line":160,"column":null}}]},"1":{"loc":{"start":{"line":192,"column":0},"end":{"line":194,"column":null}},"type":"if","locations":[{"start":{"line":192,"column":0},"end":{"line":194,"column":null}},{"start":{"line":192,"column":0},"end":{"line":194,"column":null}}]}},"s":{"0":0,"1":0,"2":0,"3":0,"4":0,"5":0,"6":0,"7":0,"8":0,"9":0,"10":0,"11":0,"12":0,"13":0,"14":0,"15":0,"16":0},"f":{"0":0,"1":0,"2":0,"3":0,"4":0,"5":0,"6":0,"7":0},"b":{"0":[0,0],"1":[0,0]}}
}
