TN:
SF:/client/src/App.vue
FN:50,(anonymous_1)
FNF:1
FNH:0
FNDA:0,(anonymous_1)
DA:40,0
DA:51,0
LF:2
LH:0
BRF:0
BRH:0
end_of_record
TN:
SF:/client/src/main.js
FN:13,(anonymous_0)
FNF:1
FNH:0
FNDA:0,(anonymous_0)
DA:7,0
DA:9,0
DA:13,0
LF:3
LH:0
BRF:0
BRH:0
end_of_record
TN:
SF:/client/src/api/api.js
FNF:0
FNH:0
DA:3,5
DA:5,5
LF:2
LH:2
BRF:0
BRH:0
end_of_record
TN:
SF:/client/src/api/factory.js
FN:10,(anonymous_0)
FNF:1
FNH:1
FNDA:8,(anonymous_0)
DA:4,5
DA:9,5
DA:10,8
LF:3
LH:3
BRF:0
BRH:0
end_of_record
TN:
SF:/client/src/api/profiles-api.js
FN:6,(anonymous_0)
FN:10,(anonymous_1)
FN:14,(anonymous_2)
FN:18,(anonymous_3)
FNF:4
FNH:1
FNDA:0,(anonymous_0)
FNDA:0,(anonymous_1)
FNDA:1,(anonymous_2)
FNDA:0,(anonymous_3)
DA:3,5
DA:5,5
DA:7,0
DA:11,0
DA:15,1
DA:19,0
LF:6
LH:3
BRF:0
BRH:0
end_of_record
TN:
SF:/client/src/api/search-api.js
FN:6,(anonymous_0)
FNF:1
FNH:0
FNDA:0,(anonymous_0)
DA:3,5
DA:5,5
DA:7,0
LF:3
LH:2
BRF:0
BRH:0
end_of_record
TN:
SF:/client/src/components/AddProfileFab.vue
FN:103,(anonymous_1)
FN:114,(anonymous_2)
FN:120,(anonymous_3)
FN:127,(anonymous_4)
FN:134,(anonymous_5)
FN:138,(anonymous_6)
FN:142,(anonymous_7)
FNF:7
FNH:1
FNDA:4,(anonymous_1)
FNDA:0,(anonymous_2)
FNDA:0,(anonymous_3)
FNDA:0,(anonymous_4)
FNDA:0,(anonymous_5)
FNDA:0,(anonymous_6)
FNDA:0,(anonymous_7)
DA:96,1
DA:98,1
DA:104,4
DA:115,0
DA:120,0
DA:122,0
DA:124,0
DA:125,0
DA:126,0
DA:129,0
DA:130,0
DA:135,0
DA:139,0
DA:143,0
DA:144,0
LF:15
LH:3
BRF:0
BRH:0
end_of_record
TN:
SF:/client/src/components/DialogDelete.vue
FN:60,(anonymous_1)
FN:76,(anonymous_2)
FN:77,(anonymous_3)
FN:83,(anonymous_4)
FN:90,(anonymous_5)
FN:95,(anonymous_6)
FN:99,(anonymous_7)
FNF:7
FNH:1
FNDA:8,(anonymous_1)
FNDA:0,(anonymous_2)
FNDA:0,(anonymous_3)
FNDA:0,(anonymous_4)
FNDA:0,(anonymous_5)
FNDA:0,(anonymous_6)
FNDA:0,(anonymous_7)
DA:53,3
DA:55,3
DA:61,8
DA:77,0
DA:80,0
DA:81,0
DA:82,0
DA:85,0
DA:86,0
DA:91,0
DA:92,0
DA:96,0
DA:100,0
LF:13
LH:3
BRF:0
BRH:0
end_of_record
TN:
SF:/client/src/components/DialogForm.vue
FN:109,(anonymous_1)
FN:122,(anonymous_2)
FN:131,(anonymous_3)
FN:137,(anonymous_4)
FN:147,(anonymous_5)
FN:154,(anonymous_6)
FN:159,(anonymous_7)
FN:163,(anonymous_8)
FN:168,(anonymous_9)
FNF:9
FNH:4
FNDA:10,(anonymous_1)
FNDA:9,(anonymous_2)
FNDA:1,(anonymous_3)
FNDA:0,(anonymous_4)
FNDA:0,(anonymous_5)
FNDA:0,(anonymous_6)
FNDA:0,(anonymous_7)
FNDA:0,(anonymous_8)
FNDA:10,(anonymous_9)
DA:102,3
DA:104,3
DA:110,10
DA:122,9
DA:132,1
DA:137,1
DA:139,0
DA:140,0
DA:142,0
DA:144,0
DA:145,0
DA:146,0
DA:149,0
DA:150,0
DA:155,0
DA:156,0
DA:160,0
DA:164,0
DA:169,10
DA:170,10
LF:20
LH:8
BRDA:133,0,0,1
BRDA:133,0,1,0
BRDA:134,1,0,1
BRDA:134,1,1,0
BRF:4
BRH:2
end_of_record
TN:
SF:/client/src/components/ResultsList.vue
FN:70,(anonymous_1)
FN:83,(anonymous_2)
FN:89,(anonymous_3)
FN:93,(anonymous_4)
FNF:4
FNH:3
FNDA:4,(anonymous_1)
FNDA:0,(anonymous_2)
FNDA:4,(anonymous_3)
FNDA:3,(anonymous_4)
DA:59,2
DA:60,2
DA:71,4
DA:85,0
DA:90,4
DA:94,3
LF:6
LH:5
BRDA:90,0,0,3
BRDA:90,0,1,1
BRDA:94,1,0,3
BRDA:94,1,1,0
BRF:4
BRH:3
end_of_record
TN:
SF:/client/src/plugins/vuetify.js
FNF:0
FNH:0
DA:6,0
LF:1
LH:0
BRDA:10,0,0,0
BRDA:10,0,1,0
BRF:2
BRH:0
end_of_record
TN:
SF:/client/src/router/index.js
FN:10,(anonymous_0)
FN:16,(anonymous_1)
FN:21,(anonymous_2)
FNF:3
FNH:0
FNDA:0,(anonymous_0)
FNDA:0,(anonymous_1)
FNDA:0,(anonymous_2)
DA:4,0
DA:6,0
DA:10,0
DA:16,0
DA:21,0
DA:25,0
LF:6
LH:0
BRF:0
BRH:0
end_of_record
TN:
SF:/client/src/store/index.js
FNF:0
FNH:0
DA:4,0
LF:1
LH:0
BRF:0
BRH:0
end_of_record
TN:
SF:/client/src/views/404.vue
FN:11,(anonymous_1)
FNF:1
FNH:0
FNDA:0,(anonymous_1)
DA:12,0
LF:1
LH:0
BRF:0
BRH:0
end_of_record
TN:
SF:/client/src/views/Home.vue
FN:110,(anonymous_1)
FN:125,(anonymous_2)
FN:129,(anonymous_3)
FN:132,(anonymous_4)
FN:139,(anonymous_5)
FNF:5
FNH:2
FNDA:2,(anonymous_1)
FNDA:0,(anonymous_2)
FNDA:0,(anonymous_3)
FNDA:0,(anonymous_4)
FNDA:2,(anonymous_5)
DA:102,1
DA:103,1
DA:105,1
DA:111,2
DA:127,0
DA:129,0
DA:131,0
DA:134,0
DA:140,2
DA:141,2
DA:142,2
DA:144,0
DA:148,2
DA:149,2
LF:14
LH:9
BRDA:127,0,0,0
BRDA:127,0,1,0
BRDA:140,1,0,2
BRDA:140,1,1,0
BRDA:141,2,0,2
BRDA:141,2,1,0
BRDA:148,3,0,2
BRDA:148,3,1,0
BRF:8
BRH:3
end_of_record
TN:
SF:/client/src/views/ProfileView.vue
FN:152,(anonymous_1)
FN:161,(anonymous_2)
FN:169,(anonymous_3)
FN:170,(anonymous_4)
FN:173,(anonymous_5)
FN:183,(anonymous_6)
FN:187,(anonymous_7)
FN:195,(anonymous_8)
FNF:8
FNH:0
FNDA:0,(anonymous_1)
FNDA:0,(anonymous_2)
FNDA:0,(anonymous_3)
FNDA:0,(anonymous_4)
FNDA:0,(anonymous_5)
FNDA:0,(anonymous_6)
FNDA:0,(anonymous_7)
FNDA:0,(anonymous_8)
DA:137,0
DA:139,0
DA:140,0
DA:142,0
DA:153,0
DA:162,0
DA:163,0
DA:165,0
DA:166,0
DA:170,0
DA:172,0
DA:175,0
DA:176,0
DA:184,0
DA:188,0
DA:196,0
DA:197,0
LF:17
LH:0
BRDA:162,0,0,0
BRDA:162,0,1,0
BRDA:196,1,0,0
BRDA:196,1,1,0
BRF:4
BRH:0
end_of_record
